2012-01-19 11:23:52 Warning: Warning (512): /Users/don/Public/Subversion/revolutioncycles.net/app/tmp/cache/ is not writable in [/Users/don/Public/Subversion/revolutioncycles.net/cake/libs/cache/file.php, line 281]
2012-01-19 11:23:52 Warning: Warning (512): /persistent/ is not writable in [/Users/don/Public/Subversion/revolutioncycles.net/cake/libs/cache/file.php, line 281]
2012-01-19 11:23:52 Warning: Warning (512): /models/ is not writable in [/Users/don/Public/Subversion/revolutioncycles.net/cake/libs/cache/file.php, line 281]
2012-01-19 11:23:54 Warning: Warning (512): /Users/don/Public/Subversion/revolutioncycles.net/app/tmp/cache/ is not writable in [/Users/don/Public/Subversion/revolutioncycles.net/cake/libs/cache/file.php, line 281]
2012-01-19 11:23:54 Warning: Warning (512): /persistent/ is not writable in [/Users/don/Public/Subversion/revolutioncycles.net/cake/libs/cache/file.php, line 281]
2012-01-19 11:23:54 Warning: Warning (512): /models/ is not writable in [/Users/don/Public/Subversion/revolutioncycles.net/cake/libs/cache/file.php, line 281]
2012-01-19 11:25:11 Warning: Warning (512): /Users/don/Public/Subversion/revolutioncycles.net/app/tmp/cache/persistent/ is not writable in [/Users/don/Public/Subversion/revolutioncycles.net/cake/libs/cache/file.php, line 281]
2012-01-19 11:25:11 Warning: Warning (512): /Users/don/Public/Subversion/revolutioncycles.net/app/tmp/cache/models/ is not writable in [/Users/don/Public/Subversion/revolutioncycles.net/cake/libs/cache/file.php, line 281]
2012-01-19 11:25:28 Warning: Warning (512): /Users/don/Public/Subversion/revolutioncycles.net/app/tmp/cache/models/ is not writable in [/Users/don/Public/Subversion/revolutioncycles.net/cake/libs/cache/file.php, line 281]
2012-01-19 11:49:04 Warning: Warning (512): <span style="color:Red;text-align:left"><b>SQL Error:</b> 1062: Duplicate entry '10' for key 'PRIMARY'</span> in [/Users/don/Public/Subversion/revolutioncycles.net/cake/libs/model/datasources/dbo_source.php, line 684]
2012-01-19 11:52:48 Warning: Warning (512): <span style="color:Red;text-align:left"><b>SQL Error:</b> 1062: Duplicate entry '10' for key 'PRIMARY'</span> in [/Users/don/Public/Subversion/revolutioncycles.net/cake/libs/model/datasources/dbo_source.php, line 684]
2012-01-19 11:53:38 Warning: Warning (512): <span style="color:Red;text-align:left"><b>SQL Error:</b> 1062: Duplicate entry '10' for key 'PRIMARY'</span> in [/Users/don/Public/Subversion/revolutioncycles.net/cake/libs/model/datasources/dbo_source.php, line 684]
2012-01-19 12:56:03 Warning: Warning (512): <span style="color:Red;text-align:left"><b>SQL Error:</b> 1062: Duplicate entry '10' for key 'PRIMARY'</span> in [/Users/don/Public/Subversion/revolutioncycles.net/cake/libs/model/datasources/dbo_source.php, line 684]
2012-01-19 12:56:19 Warning: Warning (512): <span style="color:Red;text-align:left"><b>SQL Error:</b> 1062: Duplicate entry '10' for key 'PRIMARY'</span> in [/Users/don/Public/Subversion/revolutioncycles.net/cake/libs/model/datasources/dbo_source.php, line 684]
2012-01-19 12:59:21 Warning: Warning (2): Missing argument 2 for Page::read(), called in /Users/don/Public/Subversion/revolutioncycles.net/app/models/behaviors/ordered.php on line 573 and defined in [/Users/don/Public/Subversion/revolutioncycles.net/app/models/page.php, line 104]
2012-01-19 12:59:21 Warning: Warning (2): Cannot modify header information - headers already sent by (output started at /Users/don/Public/Subversion/revolutioncycles.net/cake/libs/debugger.php:686) in [/Users/don/Public/Subversion/revolutioncycles.net/cake/libs/controller/controller.php, line 742]
2012-01-19 13:37:14 Warning: Warning (512): <span style="color:Red;text-align:left"><b>SQL Error:</b> 1062: Duplicate entry '10' for key 'PRIMARY'</span> in [/Users/don/Public/Subversion/revolutioncycles.net/cake/libs/model/datasources/dbo_source.php, line 684]
2012-01-19 13:38:11 Warning: Warning (512): <span style="color:Red;text-align:left"><b>SQL Error:</b> 1062: Duplicate entry '10' for key 'PRIMARY'</span> in [/Users/don/Public/Subversion/revolutioncycles.net/cake/libs/model/datasources/dbo_source.php, line 684]
2012-01-19 13:40:10 Warning: Warning (512): <span style="color:Red;text-align:left"><b>SQL Error:</b> 1062: Duplicate entry '10' for key 'PRIMARY'</span> in [/Users/don/Public/Subversion/revolutioncycles.net/cake/libs/model/datasources/dbo_source.php, line 684]
2012-01-19 13:56:34 Warning: Warning (512): <span style="color:Red;text-align:left"><b>SQL Error:</b> 1062: Duplicate entry '10' for key 'PRIMARY'</span> in [/Users/don/Public/Subversion/revolutioncycles.net/cake/libs/model/datasources/dbo_source.php, line 684]
2012-01-19 14:03:07 Warning: Warning (512): <span style="color:Red;text-align:left"><b>SQL Error:</b> 1062: Duplicate entry '10' for key 'PRIMARY'</span> in [/Users/don/Public/Subversion/revolutioncycles.net/cake/libs/model/datasources/dbo_source.php, line 684]
2012-01-19 14:04:21 Warning: Warning (512): <span style="color:Red;text-align:left"><b>SQL Error:</b> 1062: Duplicate entry '10' for key 'PRIMARY'</span> in [/Users/don/Public/Subversion/revolutioncycles.net/cake/libs/model/datasources/dbo_source.php, line 684]
2012-01-19 14:06:37 Warning: Warning (512): <span style="color:Red;text-align:left"><b>SQL Error:</b> 1062: Duplicate entry '10' for key 'PRIMARY'</span> in [/Users/don/Public/Subversion/revolutioncycles.net/cake/libs/model/datasources/dbo_source.php, line 684]
2012-01-19 14:24:14 Warning: Warning (512): <span style="color:Red;text-align:left"><b>SQL Error:</b> 1062: Duplicate entry '5' for key 'PRIMARY'</span> in [/Users/don/Public/Subversion/revolutioncycles.net/cake/libs/model/datasources/dbo_source.php, line 684]
2012-01-19 14:25:14 Warning: Warning (512): <span style="color:Red;text-align:left"><b>SQL Error:</b> 1062: Duplicate entry '5' for key 'PRIMARY'</span> in [/Users/don/Public/Subversion/revolutioncycles.net/cake/libs/model/datasources/dbo_source.php, line 684]
2012-01-19 14:31:43 Warning: Warning (512): <span style="color:Red;text-align:left"><b>SQL Error:</b> 1062: Duplicate entry '13' for key 'PRIMARY'</span> in [/Users/don/Public/Subversion/revolutioncycles.net/cake/libs/model/datasources/dbo_source.php, line 684]
2012-01-19 14:36:01 Warning: Warning (512): <span style="color:Red;text-align:left"><b>SQL Error:</b> 1062: Duplicate entry '5' for key 'PRIMARY'</span> in [/Users/don/Public/Subversion/revolutioncycles.net/cake/libs/model/datasources/dbo_source.php, line 684]
2012-01-19 14:36:53 Warning: Warning (512): <span style="color:Red;text-align:left"><b>SQL Error:</b> 1062: Duplicate entry '5' for key 'PRIMARY'</span> in [/Users/don/Public/Subversion/revolutioncycles.net/cake/libs/model/datasources/dbo_source.php, line 684]
2012-01-19 14:46:57 Warning: Warning (512): <span style="color:Red;text-align:left"><b>SQL Error:</b> 1062: Duplicate entry '5' for key 'PRIMARY'</span> in [/Users/don/Public/Subversion/revolutioncycles.net/cake/libs/model/datasources/dbo_source.php, line 684]
2012-01-19 14:48:09 Warning: Warning (512): <span style="color:Red;text-align:left"><b>SQL Error:</b> 1062: Duplicate entry '13' for key 'PRIMARY'</span> in [/Users/don/Public/Subversion/revolutioncycles.net/cake/libs/model/datasources/dbo_source.php, line 684]
2012-01-19 15:03:57 Warning: Warning (512): <span style="color:Red;text-align:left"><b>SQL Error:</b> 1062: Duplicate entry '13' for key 'PRIMARY'</span> in [/Users/don/Public/Subversion/revolutioncycles.net/cake/libs/model/datasources/dbo_source.php, line 684]
2012-01-19 15:13:48 Warning: Warning (512): <span style="color:Red;text-align:left"><b>SQL Error:</b> 1062: Duplicate entry '13' for key 'PRIMARY'</span> in [/Users/don/Public/Subversion/revolutioncycles.net/cake/libs/model/datasources/dbo_source.php, line 684]
2012-01-20 14:55:37 Warning: Warning (2): preg_split() expects parameter 2 to be string, array given in [/Users/don/Public/Subversion/revolutioncycles.net/cake/libs/view/helpers/form.php, line 1913]
2012-01-20 14:55:37 Warning: Warning (2): Invalid argument supplied for foreach() in [/Users/don/Public/Subversion/revolutioncycles.net/cake/libs/view/helpers/form.php, line 1913]
2012-01-20 18:05:52 Warning: Warning (512): <span style="color:Red;text-align:left"><b>SQL Error:</b> 1054: Unknown column 'Page.Page.order' in 'order clause'</span> in [/Users/don/Public/Subversion/revolutioncycles.net/cake/libs/model/datasources/dbo_source.php, line 684]
2012-01-20 18:05:52 Warning: Warning (2): array_key_exists() expects parameter 2 to be array, boolean given in [/Users/don/Public/Subversion/revolutioncycles.net/app/models/page.php, line 161]
2012-01-20 18:05:52 Warning: Warning (2): Invalid argument supplied for foreach() in [/Users/don/Public/Subversion/revolutioncycles.net/app/models/page.php, line 71]
2012-01-20 18:06:03 Warning: Warning (512): <span style="color:Red;text-align:left"><b>SQL Error:</b> 1054: Unknown column 'Page.Page.order' in 'order clause'</span> in [/Users/don/Public/Subversion/revolutioncycles.net/cake/libs/model/datasources/dbo_source.php, line 684]
2012-01-20 18:06:03 Warning: Warning (2): array_key_exists() expects parameter 2 to be array, boolean given in [/Users/don/Public/Subversion/revolutioncycles.net/app/models/page.php, line 161]
2012-01-20 18:06:03 Warning: Warning (2): Invalid argument supplied for foreach() in [/Users/don/Public/Subversion/revolutioncycles.net/app/models/page.php, line 71]
2012-01-20 18:06:05 Warning: Warning (512): <span style="color:Red;text-align:left"><b>SQL Error:</b> 1054: Unknown column 'Page.Page.order' in 'order clause'</span> in [/Users/don/Public/Subversion/revolutioncycles.net/cake/libs/model/datasources/dbo_source.php, line 684]
2012-01-20 18:06:05 Warning: Warning (2): array_key_exists() expects parameter 2 to be array, boolean given in [/Users/don/Public/Subversion/revolutioncycles.net/app/models/page.php, line 161]
2012-01-20 18:06:05 Warning: Warning (2): Invalid argument supplied for foreach() in [/Users/don/Public/Subversion/revolutioncycles.net/app/models/page.php, line 71]
2012-01-20 18:06:06 Warning: Warning (512): <span style="color:Red;text-align:left"><b>SQL Error:</b> 1054: Unknown column 'Page.Page.order' in 'order clause'</span> in [/Users/don/Public/Subversion/revolutioncycles.net/cake/libs/model/datasources/dbo_source.php, line 684]
2012-01-20 18:06:06 Warning: Warning (2): array_key_exists() expects parameter 2 to be array, boolean given in [/Users/don/Public/Subversion/revolutioncycles.net/app/models/page.php, line 161]
2012-01-20 18:06:06 Warning: Warning (2): Invalid argument supplied for foreach() in [/Users/don/Public/Subversion/revolutioncycles.net/app/models/page.php, line 71]
2012-01-26 13:54:05 Warning: Warning (512): <span style="color:Red;text-align:left"><b>SQL Error:</b> 1052: Column 'order' in order clause is ambiguous</span> in [/Users/don/Public/Subversion/revolutioncycles.net/cake/libs/model/datasources/dbo_source.php, line 684]
2012-01-26 13:54:05 Warning: Warning (2): array_key_exists() expects parameter 2 to be array, boolean given in [/Users/don/Public/Subversion/revolutioncycles.net/app/models/page.php, line 161]
2012-01-26 13:54:05 Warning: Warning (2): Invalid argument supplied for foreach() in [/Users/don/Public/Subversion/revolutioncycles.net/app/models/page.php, line 71]
2012-01-26 13:54:05 Warning: Warning (2): Cannot modify header information - headers already sent by (output started at /Users/don/Public/Subversion/revolutioncycles.net/cake/basics.php:376) in [/Users/don/Public/Subversion/revolutioncycles.net/cake/libs/controller/controller.php, line 742]
2012-01-27 14:53:15 Warning: Warning (512): <span style="color:Red;text-align:left"><b>SQL Error:</b> 1052: Column 'name' in order clause is ambiguous</span> in [/Users/don/Public/Subversion/revolutioncycles.net/cake/libs/model/datasources/dbo_source.php, line 684]
2012-01-27 14:53:15 Warning: Warning (2): Invalid argument supplied for foreach() in [/Users/don/Public/Subversion/revolutioncycles.net/app/models/assetdir.php, line 79]
2012-01-27 14:53:15 Warning: Warning (2): Invalid argument supplied for foreach() in [/Users/don/Public/Subversion/revolutioncycles.net/app/models/assetdir.php, line 83]
2012-01-28 07:56:54 Warning: Warning (512): Could not find validation handler STRING for type in [/Users/don/Public/Subversion/revolutioncycles.net/cake/libs/model/model.php, line 2628]
2012-01-28 07:56:54 Warning: Warning (2): Cannot modify header information - headers already sent by (output started at /Users/don/Public/Subversion/revolutioncycles.net/cake/libs/debugger.php:686) in [/Users/don/Public/Subversion/revolutioncycles.net/cake/libs/controller/controller.php, line 742]
2012-01-30 14:11:44 Warning: Warning (512): <span style="color:Red;text-align:left"><b>SQL Error:</b> 1048: Column 'date' cannot be null</span> in [/Users/don/Public/Subversion/revolutioncycles.net/cake/libs/model/datasources/dbo_source.php, line 684]
2012-01-30 14:12:31 Warning: Warning (512): <span style="color:Red;text-align:left"><b>SQL Error:</b> 1048: Column 'date' cannot be null</span> in [/Users/don/Public/Subversion/revolutioncycles.net/cake/libs/model/datasources/dbo_source.php, line 684]
2012-01-30 14:12:31 Warning: Warning (2): strlen() expects parameter 1 to be string, array given in [/Users/don/Public/Subversion/revolutioncycles.net/cake/libs/view/helpers/form.php, line 1623]
2012-01-30 14:12:31 Warning: Warning (2): strlen() expects parameter 1 to be string, array given in [/Users/don/Public/Subversion/revolutioncycles.net/cake/libs/view/helpers/form.php, line 1539]
2012-01-30 14:14:23 Warning: Warning (512): Method FormHelper::time does not exist in [/Users/don/Public/Subversion/revolutioncycles.net/cake/libs/view/helper.php, line 154]
2012-01-30 14:14:31 Warning: Warning (2): preg_split() expects parameter 2 to be string, array given in [/Users/don/Public/Subversion/revolutioncycles.net/cake/libs/view/helpers/form.php, line 1913]
2012-01-30 14:14:31 Warning: Warning (2): Invalid argument supplied for foreach() in [/Users/don/Public/Subversion/revolutioncycles.net/cake/libs/view/helpers/form.php, line 1913]
2012-01-31 16:23:24 Warning: Warning (2): preg_match() [http://php.net/function.preg-match]: Compilation failed: missing ) at offset 65 in [/Users/don/Public/Subversion/revolutioncycles.net/app/views/pages/display.ctp, line 15]
2012-01-31 16:23:25 Warning: Warning (2): preg_match() [http://php.net/function.preg-match]: Compilation failed: missing ) at offset 65 in [/Users/don/Public/Subversion/revolutioncycles.net/app/views/pages/display.ctp, line 15]
2012-01-31 16:23:26 Warning: Warning (2): preg_match() [http://php.net/function.preg-match]: Compilation failed: missing ) at offset 65 in [/Users/don/Public/Subversion/revolutioncycles.net/app/views/pages/display.ctp, line 15]
2012-01-31 16:34:13 Warning: Warning (2): array_key_exists() expects parameter 2 to be array, null given in [/Users/don/Public/Subversion/revolutioncycles.net/app/views/pages/display.ctp, line 31]
2012-01-31 16:34:15 Warning: Warning (2): array_key_exists() expects parameter 2 to be array, null given in [/Users/don/Public/Subversion/revolutioncycles.net/app/views/pages/display.ctp, line 31]
2012-01-31 16:37:42 Warning: Warning (2): First parameter must either be an object or the name of an existing class in [/Users/don/Public/Subversion/revolutioncycles.net/app/views/pages/display.ctp, line 32]
2012-01-31 16:37:44 Warning: Warning (2): First parameter must either be an object or the name of an existing class in [/Users/don/Public/Subversion/revolutioncycles.net/app/views/pages/display.ctp, line 32]
2012-01-31 16:40:30 Warning: Warning (2): First parameter must either be an object or the name of an existing class in [/Users/don/Public/Subversion/revolutioncycles.net/app/views/pages/display.ctp, line 33]
2012-01-31 16:40:32 Warning: Warning (2): First parameter must either be an object or the name of an existing class in [/Users/don/Public/Subversion/revolutioncycles.net/app/views/pages/display.ctp, line 33]
2012-01-31 16:40:50 Warning: Warning (2): First parameter must either be an object or the name of an existing class in [/Users/don/Public/Subversion/revolutioncycles.net/app/views/pages/display.ctp, line 34]
2012-01-31 16:40:51 Warning: Warning (2): First parameter must either be an object or the name of an existing class in [/Users/don/Public/Subversion/revolutioncycles.net/app/views/pages/display.ctp, line 34]
2012-01-31 17:03:11 Warning: Warning (2): simplexml_load_string() [http://php.net/function.simplexml-load-string]: Entity: line 1: parser error : Specification mandate value for attribute Array in [/Users/don/Public/Subversion/revolutioncycles.net/app/controllers/pages_controller.php, line 141]
2012-01-31 17:03:11 Warning: Warning (2): simplexml_load_string() [http://php.net/function.simplexml-load-string]: <element Array /> in [/Users/don/Public/Subversion/revolutioncycles.net/app/controllers/pages_controller.php, line 141]
2012-01-31 17:03:11 Warning: Warning (2): simplexml_load_string() [http://php.net/function.simplexml-load-string]:                ^ in [/Users/don/Public/Subversion/revolutioncycles.net/app/controllers/pages_controller.php, line 141]
2012-02-02 14:36:56 Warning: Warning (2): Invalid argument supplied for foreach() in [/Users/don/Public/Subversion/revolutioncycles.net/app/views/elements/navigation.ctp, line 12]
2012-02-02 14:37:31 Warning: Warning (2): Invalid argument supplied for foreach() in [/Users/don/Public/Subversion/revolutioncycles.net/app/views/elements/navigation.ctp, line 12]
2012-02-02 14:37:41 Warning: Warning (2): Invalid argument supplied for foreach() in [/Users/don/Public/Subversion/revolutioncycles.net/app/views/elements/navigation.ctp, line 12]
2012-02-08 11:17:18 Warning: Warning (512): PagesController::isAuthorized() is not defined. in [/Users/don/Public/Subversion/revolutioncycles.net/cake/libs/controller/controller.php, line 804]
2012-02-08 11:23:50 Warning: Warning (512): PagesController::isAuthorized() is not defined. in [/Users/don/Public/Subversion/revolutioncycles.net/cake/libs/controller/controller.php, line 804]
2012-02-08 11:24:38 Warning: Warning (512): PagesController::isAuthorized() is not defined. in [/Users/don/Public/Subversion/revolutioncycles.net/cake/libs/controller/controller.php, line 804]
2012-02-08 11:45:12 Warning: Warning (512): PagesController::isAuthorized() is not defined. in [/Users/don/Public/Subversion/revolutioncycles.net/cake/libs/controller/controller.php, line 804]
2012-02-08 11:45:15 Warning: Warning (512): AssetdirsController::isAuthorized() is not defined. in [/Users/don/Public/Subversion/revolutioncycles.net/cake/libs/controller/controller.php, line 804]
2012-02-08 13:08:14 Warning: Warning (512): <span style="color:Red;text-align:left"><b>SQL Error:</b> 1054: Unknown column 'Blogpost.user_id' in 'on clause'</span> in [/Users/don/Public/Subversion/revolutioncycles.net/cake/libs/model/datasources/dbo_source.php, line 684]
2012-02-08 13:08:32 Warning: Warning (512): <span style="color:Red;text-align:left"><b>SQL Error:</b> 1054: Unknown column 'Blogpost.user_id' in 'on clause'</span> in [/Users/don/Public/Subversion/revolutioncycles.net/cake/libs/model/datasources/dbo_source.php, line 684]
2012-02-18 08:29:08 Warning: Warning (2): file_put_contents(/assets/cache.js) [http://php.net/function.file-put-contents]: failed to open stream: No such file or directory in [/Users/don/Public/Subversion/revolutioncycles.net/app/models/asset.php, line 51]
2012-02-18 08:32:22 Warning: Warning (2): unlink(/Users/don/Public/Subversion/revolutioncycles.net/app/webroot//assets/) [http://php.net/function.unlink]: Permission denied in [/Users/don/Public/Subversion/revolutioncycles.net/app/controllers/assets_controller.php, line 158]
2012-02-21 13:29:52 Warning: Warning (2): Cannot modify header information - headers already sent by (output started at /Users/don/Public/Subversion/revolutioncycles.net/cake/libs/debugger.php:686) in [/Users/don/Public/Subversion/revolutioncycles.net/app/views/layouts/page.ctp, line 3]
2012-02-21 13:29:53 Warning: Warning (2): Cannot modify header information - headers already sent by (output started at /Users/don/Public/Subversion/revolutioncycles.net/cake/libs/debugger.php:686) in [/Users/don/Public/Subversion/revolutioncycles.net/app/views/layouts/page.ctp, line 3]
2012-02-21 16:17:34 Warning: Warning (2): htmlentities() expects parameter 1 to be string, array given in [/Users/don/Public/Subversion/revolutioncycles.net/app/views/elements/emb-events.ctp, line 108]
2012-02-21 16:17:34 Warning: Warning (2): htmlentities() expects parameter 1 to be string, array given in [/Users/don/Public/Subversion/revolutioncycles.net/app/views/elements/emb-events.ctp, line 108]
2012-02-22 07:21:21 Warning: Warning (2): preg_replace() [http://php.net/function.preg-replace]: Unknown modifier 'g' in [/Users/don/Public/Subversion/revolutioncycles.net/app/views/helpers/c_m_s.php, line 180]
2012-02-23 14:13:48 Warning: Warning (2): simplexml_load_string() [http://php.net/function.simplexml-load-string]: Entity: line 1: parser error : Specification mandate value for attribute o in [/Users/don/Public/Subversion/revolutioncycles.net/app/controllers/pages_controller.php, line 121]
2012-02-23 14:13:48 Warning: Warning (2): simplexml_load_string() [http://php.net/function.simplexml-load-string]: <element o /> in [/Users/don/Public/Subversion/revolutioncycles.net/app/controllers/pages_controller.php, line 121]
2012-02-23 14:13:48 Warning: Warning (2): simplexml_load_string() [http://php.net/function.simplexml-load-string]:            ^ in [/Users/don/Public/Subversion/revolutioncycles.net/app/controllers/pages_controller.php, line 121]
2012-02-23 14:13:52 Warning: Warning (2): simplexml_load_string() [http://php.net/function.simplexml-load-string]: Entity: line 1: parser error : Specification mandate value for attribute o in [/Users/don/Public/Subversion/revolutioncycles.net/app/controllers/pages_controller.php, line 121]
2012-02-23 14:13:52 Warning: Warning (2): simplexml_load_string() [http://php.net/function.simplexml-load-string]: <element o /> in [/Users/don/Public/Subversion/revolutioncycles.net/app/controllers/pages_controller.php, line 121]
2012-02-23 14:13:52 Warning: Warning (2): simplexml_load_string() [http://php.net/function.simplexml-load-string]:            ^ in [/Users/don/Public/Subversion/revolutioncycles.net/app/controllers/pages_controller.php, line 121]
2012-02-23 15:49:48 Warning: Warning (2): Cannot modify header information - headers already sent by (output started at /Users/don/Public/Subversion/revolutioncycles.net/cake/libs/debugger.php:686) in [/Users/don/Public/Subversion/revolutioncycles.net/app/views/layouts/page.ctp, line 3]
2012-02-23 15:49:57 Warning: Warning (2): Cannot modify header information - headers already sent by (output started at /Users/don/Public/Subversion/revolutioncycles.net/cake/libs/debugger.php:686) in [/Users/don/Public/Subversion/revolutioncycles.net/app/views/layouts/page.ctp, line 3]
2012-02-29 18:57:29 Warning: Warning (2): array_keys() expects parameter 1 to be array, object given in [/Users/don/Public/Subversion/revolutioncycles.net/app/views/submissions/index.ctp, line 28]
2012-03-01 10:57:19 Warning: Warning (512): Controller::paginate() - can't find model Submissions in controller SubmissionsController in [/Users/don/Public/Subversion/revolutioncycles.net/cake/libs/controller/controller.php, line 1102]
2012-03-05 11:55:42 Warning: Warning (2): strpos() expects parameter 1 to be string, array given in [/Users/don/Public/Subversion/revolutioncycles.net/app/vendors/mustache.php, line 384]
2012-03-05 11:55:42 Warning: Warning (2): preg_match() expects parameter 2 to be string, array given in [/Users/don/Public/Subversion/revolutioncycles.net/app/vendors/mustache.php, line 304]
2012-03-05 11:55:42 Warning: Warning (2): strpos() expects parameter 1 to be string, array given in [/Users/don/Public/Subversion/revolutioncycles.net/app/vendors/mustache.php, line 496]
2012-03-05 11:55:42 Warning: Warning (2): preg_match() expects parameter 2 to be string, array given in [/Users/don/Public/Subversion/revolutioncycles.net/app/vendors/mustache.php, line 505]
2012-03-05 11:55:43 Warning: Warning (2): strpos() expects parameter 1 to be string, array given in [/Users/don/Public/Subversion/revolutioncycles.net/app/vendors/mustache.php, line 384]
2012-03-05 11:55:43 Warning: Warning (2): preg_match() expects parameter 2 to be string, array given in [/Users/don/Public/Subversion/revolutioncycles.net/app/vendors/mustache.php, line 304]
2012-03-05 11:55:43 Warning: Warning (2): strpos() expects parameter 1 to be string, array given in [/Users/don/Public/Subversion/revolutioncycles.net/app/vendors/mustache.php, line 496]
2012-03-05 11:55:43 Warning: Warning (2): preg_match() expects parameter 2 to be string, array given in [/Users/don/Public/Subversion/revolutioncycles.net/app/vendors/mustache.php, line 505]
2012-03-05 14:43:57 Warning: Warning (2): Cannot modify header information - headers already sent by (output started at /Users/don/Public/Subversion/revolutioncycles.net/cake/libs/debugger.php:686) in [/Users/don/Public/Subversion/revolutioncycles.net/app/views/layouts/page.ctp, line 3]
2012-03-05 14:43:59 Warning: Warning (2): Cannot modify header information - headers already sent by (output started at /Users/don/Public/Subversion/revolutioncycles.net/cake/libs/debugger.php:686) in [/Users/don/Public/Subversion/revolutioncycles.net/app/views/layouts/page.ctp, line 3]
2012-03-05 16:27:10 Warning: Warning (512): <span style="color:Red;text-align:left"><b>SQL Error:</b> 1064: You have an error in your SQL syntax; check the manual that corresponds to your MySQL server version for the right syntax to use near 'getStructureFrom' at line 1</span> in [/Users/don/Public/Subversion/revolutioncycles.net/cake/libs/model/datasources/dbo_source.php, line 684]
2012-03-05 16:27:33 Warning: Warning (512): <span style="color:Red;text-align:left"><b>SQL Error:</b> 1064: You have an error in your SQL syntax; check the manual that corresponds to your MySQL server version for the right syntax to use near 'getStructureFrom' at line 1</span> in [/Users/don/Public/Subversion/revolutioncycles.net/cake/libs/model/datasources/dbo_source.php, line 684]
2012-03-05 16:29:16 Warning: Warning (512): <span style="color:Red;text-align:left"><b>SQL Error:</b> 1064: You have an error in your SQL syntax; check the manual that corresponds to your MySQL server version for the right syntax to use near 'getBreadcrumbs' at line 1</span> in [/Users/don/Public/Subversion/revolutioncycles.net/cake/libs/model/datasources/dbo_source.php, line 684]
2012-03-05 16:29:17 Warning: Warning (512): <span style="color:Red;text-align:left"><b>SQL Error:</b> 1064: You have an error in your SQL syntax; check the manual that corresponds to your MySQL server version for the right syntax to use near 'getStructureFrom' at line 1</span> in [/Users/don/Public/Subversion/revolutioncycles.net/cake/libs/model/datasources/dbo_source.php, line 684]
2012-03-05 16:29:47 Warning: Warning (512): <span style="color:Red;text-align:left"><b>SQL Error:</b> 1064: You have an error in your SQL syntax; check the manual that corresponds to your MySQL server version for the right syntax to use near 'getStructureFrom' at line 1</span> in [/Users/don/Public/Subversion/revolutioncycles.net/cake/libs/model/datasources/dbo_source.php, line 684]
2012-03-05 16:38:50 Warning: Warning (2): Missing argument 2 for CachingComponent::setCachedPage(), called in /Users/don/Public/Subversion/revolutioncycles.net/app/controllers/pages_controller.php on line 237 and defined in [/Users/don/Public/Subversion/revolutioncycles.net/app/controllers/components/caching.php, line 19]
2012-03-05 16:38:50 Warning: Warning (2): file_put_contents(/Users/don/Public/Subversion/revolutioncycles.net/app/tmp/pagecache/51fdce625e51aaa6ca489b0587c04762.cache) [http://php.net/function.file-put-contents]: failed to open stream: Permission denied in [/Users/don/Public/Subversion/revolutioncycles.net/app/controllers/components/caching.php, line 21]
2012-03-05 16:39:02 Warning: Warning (2): file_put_contents(/Users/don/Public/Subversion/revolutioncycles.net/app/tmp/pagecache/f34bb62f734d1cecaa4de6a8b8efab52.cache) [http://php.net/function.file-put-contents]: failed to open stream: Permission denied in [/Users/don/Public/Subversion/revolutioncycles.net/app/controllers/components/caching.php, line 21]
2012-03-05 16:39:34 Warning: Warning (2): Cannot modify header information - headers already sent by (output started at /Users/don/Public/Subversion/revolutioncycles.net/app/controllers/pages_controller.php:239) in [/Users/don/Public/Subversion/revolutioncycles.net/app/views/layouts/page.ctp, line 3]
2012-03-05 16:39:37 Warning: Warning (2): Cannot modify header information - headers already sent by (output started at /Users/don/Public/Subversion/revolutioncycles.net/app/controllers/pages_controller.php:239) in [/Users/don/Public/Subversion/revolutioncycles.net/app/views/layouts/page.ctp, line 3]
2012-03-05 16:39:38 Warning: Warning (2): Cannot modify header information - headers already sent by (output started at /Users/don/Public/Subversion/revolutioncycles.net/app/controllers/pages_controller.php:239) in [/Users/don/Public/Subversion/revolutioncycles.net/app/views/layouts/page.ctp, line 3]
2012-03-07 11:41:10 Warning: Warning (512): <span style="color:Red;text-align:left"><b>SQL Error:</b> 1054: Unknown column 'Blogposts.created' in 'field list'</span> in [/Users/don/Public/Subversion/revolutioncycles.net/cake/libs/model/datasources/dbo_source.php, line 684]
2012-03-07 11:41:36 Warning: Warning (512): <span style="color:Red;text-align:left"><b>SQL Error:</b> 1054: Unknown column 'Blogpost.created' in 'field list'</span> in [/Users/don/Public/Subversion/revolutioncycles.net/cake/libs/model/datasources/dbo_source.php, line 684]
2012-03-07 11:41:37 Warning: Warning (512): <span style="color:Red;text-align:left"><b>SQL Error:</b> 1054: Unknown column 'Blogpost.created' in 'field list'</span> in [/Users/don/Public/Subversion/revolutioncycles.net/cake/libs/model/datasources/dbo_source.php, line 684]
2012-03-07 11:41:51 Warning: Warning (512): <span style="color:Red;text-align:left"><b>SQL Error:</b> 1054: Unknown column 'Blogpost.created' in 'field list'</span> in [/Users/don/Public/Subversion/revolutioncycles.net/cake/libs/model/datasources/dbo_source.php, line 684]
2012-03-07 11:41:52 Warning: Warning (512): <span style="color:Red;text-align:left"><b>SQL Error:</b> 1054: Unknown column 'Blogpost.created' in 'field list'</span> in [/Users/don/Public/Subversion/revolutioncycles.net/cake/libs/model/datasources/dbo_source.php, line 684]
2012-03-07 18:52:03 Warning: Warning (2): preg_replace() [http://php.net/function.preg-replace]: Compilation failed: PCRE does not support \L, \l, \N, \U, or \u at offset 2 in [/Users/don/Public/Subversion/revolutioncycles.net/app/views/elements/embeds/emb-flickr.ctp, line 117]
2012-03-13 07:56:22 Warning: Warning (2): simplexml_load_string() [http://php.net/function.simplexml-load-string]: Entity: line 1: parser error : error parsing attribute name in [/Users/don/Public/Subversion/revolutioncycles.net/app/controllers/pages_controller.php, line 122]
2012-03-13 07:56:22 Warning: Warning (2): simplexml_load_string() [http://php.net/function.simplexml-load-string]: <element ]]--> in [/Users/don/Public/Subversion/revolutioncycles.net/app/controllers/pages_controller.php, line 122]
2012-03-13 07:56:22 Warning: Warning (2): simplexml_load_string() [http://php.net/function.simplexml-load-string]:          ^ in [/Users/don/Public/Subversion/revolutioncycles.net/app/controllers/pages_controller.php, line 122]
2012-03-13 07:56:22 Warning: Warning (2): simplexml_load_string() [http://php.net/function.simplexml-load-string]: Entity: line 1: parser error : attributes construct error in [/Users/don/Public/Subversion/revolutioncycles.net/app/controllers/pages_controller.php, line 122]
2012-03-13 07:56:22 Warning: Warning (2): simplexml_load_string() [http://php.net/function.simplexml-load-string]: Entity: line 1: parser error : Couldn't find end of Start Tag element line 1 in [/Users/don/Public/Subversion/revolutioncycles.net/app/controllers/pages_controller.php, line 122]
2012-03-13 07:56:22 Warning: Warning (2): simplexml_load_string() [http://php.net/function.simplexml-load-string]: Entity: line 1: parser error : Extra content at the end of the document in [/Users/don/Public/Subversion/revolutioncycles.net/app/controllers/pages_controller.php, line 122]
2012-03-13 07:56:23 Warning: Warning (2): simplexml_load_string() [http://php.net/function.simplexml-load-string]: Entity: line 1: parser error : error parsing attribute name in [/Users/don/Public/Subversion/revolutioncycles.net/app/controllers/pages_controller.php, line 122]
2012-03-13 07:56:23 Warning: Warning (2): simplexml_load_string() [http://php.net/function.simplexml-load-string]: <element ]]--> in [/Users/don/Public/Subversion/revolutioncycles.net/app/controllers/pages_controller.php, line 122]
2012-03-13 07:56:23 Warning: Warning (2): simplexml_load_string() [http://php.net/function.simplexml-load-string]:          ^ in [/Users/don/Public/Subversion/revolutioncycles.net/app/controllers/pages_controller.php, line 122]
2012-03-13 07:56:23 Warning: Warning (2): simplexml_load_string() [http://php.net/function.simplexml-load-string]: Entity: line 1: parser error : attributes construct error in [/Users/don/Public/Subversion/revolutioncycles.net/app/controllers/pages_controller.php, line 122]
2012-03-13 07:56:23 Warning: Warning (2): simplexml_load_string() [http://php.net/function.simplexml-load-string]: Entity: line 1: parser error : Couldn't find end of Start Tag element line 1 in [/Users/don/Public/Subversion/revolutioncycles.net/app/controllers/pages_controller.php, line 122]
2012-03-13 07:56:23 Warning: Warning (2): simplexml_load_string() [http://php.net/function.simplexml-load-string]: Entity: line 1: parser error : Extra content at the end of the document in [/Users/don/Public/Subversion/revolutioncycles.net/app/controllers/pages_controller.php, line 122]
2012-03-13 11:49:53 Warning: Warning (512): You can not write to a Session from the view in [/Users/don/Public/Subversion/revolutioncycles.net/cake/libs/view/helpers/session.php, line 184]
2012-03-13 11:49:53 Warning: Warning (512): You can not write to a Session from the view in [/Users/don/Public/Subversion/revolutioncycles.net/cake/libs/view/helpers/session.php, line 184]
2012-03-13 16:40:28 Warning: Warning (2): unlink(/Users/don/Public/Subversion/revolutioncycles.net/app/webroot//assets/) [http://php.net/function.unlink]: Permission denied in [/Users/don/Public/Subversion/revolutioncycles.net/app/controllers/assets_controller.php, line 158]
2012-03-14 15:12:15 Warning: Warning (2): Cannot modify header information - headers already sent by (output started at /Users/don/Public/Subversion/revolutioncycles.net/cake/libs/debugger.php:686) in [/Users/don/Public/Subversion/revolutioncycles.net/app/views/layouts/page.ctp, line 3]
2012-03-14 15:12:39 Warning: Warning (2): Cannot modify header information - headers already sent by (output started at /Users/don/Public/Subversion/revolutioncycles.net/cake/libs/debugger.php:686) in [/Users/don/Public/Subversion/revolutioncycles.net/app/views/layouts/page.ctp, line 3]
2012-03-14 15:12:58 Warning: Warning (2): Cannot modify header information - headers already sent by (output started at /Users/don/Public/Subversion/revolutioncycles.net/cake/libs/debugger.php:686) in [/Users/don/Public/Subversion/revolutioncycles.net/app/views/layouts/page.ctp, line 3]
2012-03-14 15:13:14 Warning: Warning (2): Cannot modify header information - headers already sent by (output started at /Users/don/Public/Subversion/revolutioncycles.net/cake/libs/debugger.php:686) in [/Users/don/Public/Subversion/revolutioncycles.net/app/views/layouts/page.ctp, line 3]
2012-03-14 16:15:43 Warning: Warning (2): unlink(/Users/don/Public/Subversion/revolutioncycles.net/app/webroot//assets/) [http://php.net/function.unlink]: Permission denied in [/Users/don/Public/Subversion/revolutioncycles.net/app/controllers/assets_controller.php, line 158]
2012-03-15 13:32:15 Warning: Warning (2): Invalid argument supplied for foreach() in [/Users/don/Public/Subversion/revolutioncycles.net/cake/libs/view/helpers/form.php, line 1095]
2012-03-15 13:33:07 Warning: Warning (2): Invalid argument supplied for foreach() in [/Users/don/Public/Subversion/revolutioncycles.net/cake/libs/view/helpers/form.php, line 1095]
2012-03-15 14:09:14 Warning: Warning (2): Invalid argument supplied for foreach() in [/Users/don/Public/Subversion/revolutioncycles.net/app/models/user.php, line 46]
2012-03-15 14:14:30 Warning: Warning (2): First parameter must either be an object or the name of an existing class in [/Users/don/Public/Subversion/revolutioncycles.net/app/views/users/edit.ctp, line 37]
2012-03-15 14:56:31 Warning: Warning (2): Invalid argument supplied for foreach() in [/Users/don/Public/Subversion/revolutioncycles.net/app/models/user.php, line 46]
2012-03-15 14:56:31 Warning: Warning (512): <span style="color:Red;text-align:left"><b>SQL Error:</b> 1054: Unknown column 'Array' in 'field list'</span> in [/Users/don/Public/Subversion/revolutioncycles.net/cake/libs/model/datasources/dbo_source.php, line 684]
2012-03-15 14:56:31 Warning: Warning (2): First parameter must either be an object or the name of an existing class in [/Users/don/Public/Subversion/revolutioncycles.net/app/views/users/edit.ctp, line 37]
2012-03-15 14:57:15 Warning: Warning (512): <span style="color:Red;text-align:left"><b>SQL Error:</b> 1054: Unknown column 'Array' in 'field list'</span> in [/Users/don/Public/Subversion/revolutioncycles.net/cake/libs/model/datasources/dbo_source.php, line 684]
2012-03-15 14:57:15 Warning: Warning (2): First parameter must either be an object or the name of an existing class in [/Users/don/Public/Subversion/revolutioncycles.net/app/views/users/edit.ctp, line 37]
2012-03-15 15:03:31 Warning: Warning (2): Invalid argument supplied for foreach() in [/Users/don/Public/Subversion/revolutioncycles.net/app/models/user.php, line 47]
2012-03-15 15:07:31 Warning: Warning (2): First parameter must either be an object or the name of an existing class in [/Users/don/Public/Subversion/revolutioncycles.net/app/views/users/edit.ctp, line 37]
2012-03-15 15:08:00 Warning: Warning (2): First parameter must either be an object or the name of an existing class in [/Users/don/Public/Subversion/revolutioncycles.net/app/views/users/edit.ctp, line 37]
2012-03-15 15:09:35 Warning: Warning (2): First parameter must either be an object or the name of an existing class in [/Users/don/Public/Subversion/revolutioncycles.net/app/views/users/edit.ctp, line 37]
2012-03-16 11:49:54 Warning: Warning (2): First parameter must either be an object or the name of an existing class in [/Users/don/Public/Subversion/revolutioncycles.net/app/views/users/edit.ctp, line 37]
2012-03-16 11:49:59 Warning: Warning (2): Invalid argument supplied for foreach() in [/Users/don/Public/Subversion/revolutioncycles.net/app/models/user.php, line 47]
2012-03-16 12:36:11 Warning: Warning (2): Invalid argument supplied for foreach() in [/Users/don/Public/Subversion/revolutioncycles.net/app/models/user.php, line 47]
2012-03-16 12:38:37 Warning: Warning (2): First parameter must either be an object or the name of an existing class in [/Users/don/Public/Subversion/revolutioncycles.net/app/views/users/edit.ctp, line 37]
2012-06-13 10:02:30 Warning: Warning (2): Invalid argument supplied for foreach() in [/Users/don/Public/Subversion/theraccoonshare.com/public_html/gorun-dev/app/models/page.php, line 74]
2012-06-13 11:13:23 Warning: Warning (2): file_put_contents(/Users/don/Public/Subversion/theraccoonshare.com/public_html/gorun-dev/app/webroot//assets/cache.js) [http://php.net/function.file-put-contents]: failed to open stream: Permission denied in [/Users/don/Public/Subversion/theraccoonshare.com/public_html/gorun-dev/app/models/asset.php, line 51]
2012-06-13 11:13:23 Warning: Warning (2): file_put_contents(/Users/don/Public/Subversion/theraccoonshare.com/public_html/gorun-dev/app/webroot//assets/mce_cache.js) [http://php.net/function.file-put-contents]: failed to open stream: Permission denied in [/Users/don/Public/Subversion/theraccoonshare.com/public_html/gorun-dev/app/models/asset.php, line 52]
2012-09-03 14:57:37 Warning: Warning (2): mysql_connect() [http://php.net/function.mysql-connect]: Access denied for user 'theracco_gorun'@'localhost' (using password: YES) in [/home/don/code/gorun.snm.com/cake/libs/model/datasources/dbo/dbo_mysql.php, line 561]
2012-09-03 14:57:37 Warning: Warning (2): mysql_query() expects parameter 2 to be resource, boolean given in [/home/don/code/gorun.snm.com/cake/libs/model/datasources/dbo/dbo_mysql.php, line 613]
2012-09-03 15:21:45 Warning: Warning (2): opendir(__ROOT__/app/views/layouts/page-templates) [http://php.net/function.opendir]: failed to open dir: No such file or directory in [/home/don/code/gorun.snm.com/app/models/page.php, line 169]
2012-09-03 15:21:45 Warning: Warning (2): readdir() expects parameter 1 to be resource, boolean given in [/home/don/code/gorun.snm.com/app/models/page.php, line 170]
2012-09-03 15:21:45 Warning: Warning (2): Invalid argument supplied for foreach() in [/home/don/code/gorun.snm.com/app/models/page.php, line 171]
2012-09-03 15:21:45 Warning: Warning (2): Cannot modify header information - headers already sent by (output started at /home/don/code/gorun.snm.com/cake/libs/debugger.php:686) in [/home/don/code/gorun.snm.com/app/views/layouts/page-templates/basic-content.ctp, line 3]
2012-09-03 15:22:12 Warning: Warning (2): Invalid argument supplied for foreach() in [/home/don/code/gorun.snm.com/app/models/page.php, line 171]
2012-09-03 15:23:39 Warning: Warning (2): Invalid argument supplied for foreach() in [/home/don/code/gorun.snm.com/app/models/page.php, line 174]
2012-09-03 15:48:23 Warning: Warning (2): Missing argument 2 for TemplatesComponent::renderTemplate(), called in /home/don/code/gorun.snm.com/app/controllers/pages_controller.php on line 245 and defined in [/home/don/code/gorun.snm.com/app/controllers/components/templates.php, line 13]
2012-09-03 15:48:23 Warning: Warning (2): Missing argument 2 for TemplatesComponent::renderTemplate(), called in /home/don/code/gorun.snm.com/app/controllers/pages_controller.php on line 245 and defined in [/home/don/code/gorun.snm.com/app/controllers/components/templates.php, line 13]
2012-09-03 15:48:25 Warning: Warning (2): Missing argument 2 for TemplatesComponent::renderTemplate(), called in /home/don/code/gorun.snm.com/app/controllers/pages_controller.php on line 245 and defined in [/home/don/code/gorun.snm.com/app/controllers/components/templates.php, line 13]
2012-09-03 15:48:36 Warning: Warning (2): Missing argument 2 for TemplatesComponent::renderTemplate(), called in /home/don/code/gorun.snm.com/app/controllers/pages_controller.php on line 245 and defined in [/home/don/code/gorun.snm.com/app/controllers/components/templates.php, line 13]
2012-09-03 15:48:37 Warning: Warning (2): Missing argument 2 for TemplatesComponent::renderTemplate(), called in /home/don/code/gorun.snm.com/app/controllers/pages_controller.php on line 245 and defined in [/home/don/code/gorun.snm.com/app/controllers/components/templates.php, line 13]
2012-09-03 16:32:20 Warning: Warning (2): file_get_contents(/home/don/code/gorun.snm.com/app/views/page-templates/basic-mustache.html) [http://php.net/function.file-get-contents]: failed to open stream: No such file or directory in [/home/don/code/gorun.snm.com/app/controllers/components/templates.php, line 24]
2012-09-03 16:32:47 Warning: Warning (2): file_get_contents(/home/don/code/gorun.snm.compage-templates/basic-mustache.html) [http://php.net/function.file-get-contents]: failed to open stream: No such file or directory in [/home/don/code/gorun.snm.com/app/controllers/components/templates.php, line 24]
2012-09-03 17:13:23 Warning: Warning (2): array_key_exists() expects parameter 2 to be array, null given in [/home/don/code/gorun.snm.com/app/views/elements/embeds/emb-blog.ctp, line 14]
2012-09-03 17:13:44 Warning: Warning (2): array_key_exists() expects parameter 2 to be array, null given in [/home/don/code/gorun.snm.com/app/views/elements/embeds/emb-blog.ctp, line 14]
2012-09-03 17:14:32 Warning: Warning (2): array_key_exists() expects parameter 2 to be array, null given in [/home/don/code/gorun.snm.com/app/views/elements/embeds/emb-blog.ctp, line 14]
2012-09-03 17:15:32 Warning: Warning (2): array_key_exists() expects parameter 2 to be array, null given in [/home/don/code/gorun.snm.com/app/views/elements/embeds/emb-blog.ctp, line 14]
2012-09-03 17:15:39 Warning: Warning (2): array_key_exists() expects parameter 2 to be array, null given in [/home/don/code/gorun.snm.com/app/views/elements/embeds/emb-blog.ctp, line 14]
2012-09-03 17:17:19 Warning: Warning (2): array_key_exists() expects parameter 2 to be array, null given in [/home/don/code/gorun.snm.com/app/views/elements/embeds/emb-blog.ctp, line 14]
2012-09-03 17:18:01 Warning: Warning (2): array_key_exists() expects parameter 2 to be array, null given in [/home/don/code/gorun.snm.com/app/views/elements/embeds/emb-blog.ctp, line 14]
2012-09-03 17:18:38 Warning: Warning (2): array_key_exists() expects parameter 2 to be array, null given in [/home/don/code/gorun.snm.com/app/views/elements/embeds/emb-blog.ctp, line 14]
2012-09-03 17:19:22 Warning: Warning (2): array_key_exists() expects parameter 2 to be array, null given in [/home/don/code/gorun.snm.com/app/views/elements/embeds/emb-blog.ctp, line 14]
2012-09-03 17:19:33 Warning: Warning (2): array_key_exists() expects parameter 2 to be array, null given in [/home/don/code/gorun.snm.com/app/views/elements/embeds/emb-blog.ctp, line 14]
